2020-10-05T04:13:59.690Z - normal: Load ~/.CocosCreator/settings.json
2020-10-05T04:13:59.745Z - normal: Initializing Asset Database
2020-10-05T04:13:59.748Z - normal: checking language setting...
2020-10-05T04:13:59.748Z - normal: Language: zh
2020-10-05T04:14:00.977Z - success: protocol editor-framework registered
2020-10-05T04:14:00.977Z - success: protocol app registered
2020-10-05T04:14:00.977Z - success: protocol theme registered
2020-10-05T04:14:00.978Z - success: protocol packages registered
2020-10-05T04:14:00.978Z - success: protocol uuid registerred
2020-10-05T04:14:00.978Z - success: protocol db registerred
2020-10-05T04:14:00.978Z - success: protocol thumbnail registerred
2020-10-05T04:14:00.978Z - success: protocol unpack registerred
2020-10-05T04:14:00.979Z - success: protocol disable-commonjs registerred
2020-10-05T04:14:01.206Z - normal: connected!
2020-10-05T04:14:01.208Z - normal: Check project /Users/lijinyou/Desktop/github/Tankwar
2020-10-05T04:14:01.210Z - normal: Initializing project /Users/lijinyou/Desktop/github/Tankwar
2020-10-05T04:14:01.396Z - success: adapters loaded
2020-10-05T04:14:01.401Z - success: asset-db-debugger loaded
2020-10-05T04:14:01.476Z - success: fb-audience-network loaded
2020-10-05T04:14:01.511Z - success: fb-live-stream loaded
2020-10-05T04:14:01.515Z - success: google-play-instant loaded
2020-10-05T04:14:01.516Z - success: jsb-adapter loaded
2020-10-05T04:14:01.521Z - success: package-manager loaded
2020-10-05T04:14:01.522Z - success: runtime-adapters loaded
2020-10-05T04:14:01.525Z - success: runtime-dev-tools loaded
2020-10-05T04:14:01.529Z - success: ui-kit-preview-extra loaded
2020-10-05T04:14:01.533Z - success: ui-kit-preview loaded
2020-10-05T04:14:01.596Z - success: alipay-minigame loaded
2020-10-05T04:14:01.683Z - success: assets loaded
2020-10-05T04:14:01.686Z - success: baidugame-opendata loaded
2020-10-05T04:14:01.689Z - success: baidugame loaded
2020-10-05T04:14:01.695Z - success: builder loaded
2020-10-05T04:14:01.697Z - success: bytedance-opendata loaded
2020-10-05T04:14:01.699Z - success: bytedance loaded
2020-10-05T04:14:01.703Z - success: channel-upload-tools loaded
2020-10-05T04:14:01.710Z - success: cloud-function loaded
2020-10-05T04:14:01.893Z - success: cocos-services loaded
2020-10-05T04:14:01.900Z - success: console loaded
2020-10-05T04:14:01.902Z - success: curve-editor loaded
2020-10-05T04:14:01.915Z - success: fb-instant-games loaded
2020-10-05T04:14:01.920Z - success: game-window loaded
2020-10-05T04:14:01.921Z - success: google-instant-games loaded
2020-10-05T04:14:01.927Z - success: hierarchy loaded
2020-10-05T04:14:01.929Z - success: huawei-agc loaded
2020-10-05T04:14:01.932Z - success: huawei-runtime loaded
2020-10-05T04:14:01.938Z - success: inspector loaded
2020-10-05T04:14:01.956Z - success: cpk-publish loaded
2020-10-05T04:14:01.957Z - success: keystore loaded
2020-10-05T04:14:01.977Z - success: link-sure-runtime loaded
2020-10-05T04:14:01.992Z - success: node-library loaded
2020-10-05T04:14:01.993Z - success: open-recent-items loaded
2020-10-05T04:14:01.997Z - success: oppo-runtime loaded
2020-10-05T04:14:02.000Z - success: package-asset loaded
2020-10-05T04:14:02.001Z - success: preferences loaded
2020-10-05T04:14:02.007Z - success: project-importer loaded
2020-10-05T04:14:02.012Z - success: project-settings loaded
2020-10-05T04:14:02.032Z - success: qtt-runtime loaded
2020-10-05T04:14:02.038Z - success: scene loaded
2020-10-05T04:14:02.039Z - success: simulator-debugger loaded
2020-10-05T04:14:02.040Z - success: sprite-editor loaded
2020-10-05T04:14:02.089Z - success: store loaded
2020-10-05T04:14:02.094Z - success: timeline loaded
2020-10-05T04:14:02.099Z - success: vivo-runtime loaded
2020-10-05T04:14:02.102Z - success: wechatgame-opendata loaded
2020-10-05T04:14:02.107Z - success: wechatgame loaded
2020-10-05T04:14:02.112Z - success: xiaomi-runtime loaded
2020-10-05T04:14:02.336Z - success: im-plugin loaded
2020-10-05T04:14:02.343Z - success: preview server running at http://localhost:7456
2020-10-05T04:14:04.063Z - info: Cocos Service load base data!
2020-10-05T04:14:04.543Z - normal: Initializing Cocos2d
2020-10-05T04:14:05.006Z - normal: Initializing engine extends
2020-10-05T04:14:06.813Z - normal: Loading packages
2020-10-05T04:14:06.819Z - normal: Watching packages
2020-10-05T04:14:07.012Z - normal: Run Application
2020-10-05T04:14:18.544Z - normal: Simulator: WORKAREA WIDTH 1280.00, HEIGHT 710.00
2020-10-05T04:14:18.545Z - normal: Simulator: FRAME SCALE = 0.50
2020-10-05T04:14:18.635Z - normal: Simulator: GLFWError #65544 Happen, Cocoa: Failed to retrieve display name
2020-10-05T04:14:18.635Z - normal: Simulator: 
2020-10-05T04:14:18.635Z - normal: Simulator: {
2020-10-05T04:14:18.636Z - normal: Simulator: 	gl.supports_float_texture: true
2020-10-05T04:14:18.636Z - normal: Simulator: 	gl.supports_ATITC: false
2020-10-05T04:14:18.637Z - normal: Simulator: 	gl.supports_discard_framebuffer: false
2020-10-05T04:14:18.637Z - normal: Simulator: 	gl.supports_NPOT: true
2020-10-05T04:14:18.638Z - normal: Simulator: 	gl.supports_ETC2: false
2020-10-05T04:14:18.638Z - normal: Simulator: 	build_type: DEBUG
2020-10-05T04:14:18.639Z - normal: Simulator: 	gl.vendor: Intel Inc.
2020-10-05T04:14:18.639Z - normal: Simulator: 	gl.renderer: Intel HD Graphics 4000 OpenGL Engine
2020-10-05T04:14:18.639Z - normal: Simulator: 	gl.supports_PVRTC: false
2020-10-05T04:14:18.640Z - normal: Simulator: 	gl.supports_ETC1: false
2020-10-05T04:14:18.641Z - normal: Simulator: 	gl.supports_BGRA8888: false
2020-10-05T04:14:18.641Z - normal: Simulator: 	gl.max_texture_size: 16384
2020-10-05T04:14:18.642Z - normal: Simulator: 	gl.max_texture_units: 16
2020-10-05T04:14:18.642Z - normal: Simulator: 	gl.supports_OES_packed_depth_stencil: false
2020-10-05T04:14:18.643Z - normal: Simulator: 	compiled_with_gl_state_cache: true
2020-10-05T04:14:18.643Z - normal: Simulator: 	gl.supports_OES_map_buffer: false
2020-10-05T04:14:18.644Z - normal: Simulator: 	gl.supports_vertex_array_object: true
2020-10-05T04:14:18.644Z - normal: Simulator: 	gl.supports_S3TC: true
2020-10-05T04:14:18.645Z - normal: Simulator: 	gl.version: 2.1 INTEL-14.7.8
2020-10-05T04:14:18.645Z - normal: Simulator: 	compiled_with_profiler: false
2020-10-05T04:14:18.646Z - normal: Simulator: 	gl.supports_OES_depth24: false
2020-10-05T04:14:18.646Z - normal: Simulator: }
2020-10-05T04:14:18.762Z - normal: Simulator: Project Config:
2020-10-05T04:14:18.769Z - normal: Simulator:     project dir: /Applications/CocosCreator/Creator/2.4.2/CocosCreator.app/Contents/Resources/cocos2d-x/simulator/mac/Simulator.app/Contents/Resources/
2020-10-05T04:14:18.770Z - normal: Simulator:     writable path: $(PROJDIR)/
2020-10-05T04:14:18.771Z - normal: Simulator:     script file: $(PROJDIR)/main.js
2020-10-05T04:14:18.774Z - normal: Simulator:     frame size: 1920 x 1080
2020-10-05T04:14:18.774Z - normal: Simulator:     frame scale: 0.50
2020-10-05T04:14:18.775Z - normal: Simulator:     show console: NO
2020-10-05T04:14:18.776Z - normal: Simulator:     write debug log: NO ()
2020-10-05T04:14:18.777Z - normal: Simulator:     listen: 
2020-10-05T04:14:18.778Z - normal: Simulator:     debugger: none
2020-10-05T04:14:18.778Z - normal: Simulator:     add searching path:
2020-10-05T04:14:18.779Z - normal: Simulator: 
2020-10-05T04:14:18.779Z - normal: Simulator: 
2020-10-05T04:14:18.780Z - normal: Simulator: 
2020-10-05T04:14:18.780Z - normal: Simulator: resetDesignResolution request
2020-10-05T04:14:18.781Z - normal: Simulator: ------------------------------------------------
2020-10-05T04:14:18.782Z - normal: Simulator: LOAD Js FILE: jsb-adapter/jsb-builtin.js
2020-10-05T04:14:18.782Z - normal: Simulator: ------------------------------------------------
2020-10-05T04:14:18.783Z - normal: Simulator: Initializing V8, version: 8.0.426.16
2020-10-05T04:14:18.784Z - normal: Simulator: libuv version: 1.23.1-dev
2020-10-05T04:14:18.784Z - normal: Simulator: Debugger listening..., visit [ devtools://devtools/bundled/js_app.html?v8only=true&ws=0.0.0.0:5086/00010002-0003-4004-8005-000600070008 ] in chrome browser to debug!
2020-10-05T04:14:18.785Z - normal: Simulator: For help see https://nodejs.org/en/docs/inspector
2020-10-05T04:14:18.786Z - normal: Simulator: JS: Enable batch GL commands optimization!
2020-10-05T04:14:18.786Z - normal: Simulator: resetDesignResolution request
2020-10-05T04:14:18.787Z - normal: Simulator: ------------------------------------------------
2020-10-05T04:14:18.790Z - normal: Simulator: LOAD Js FILE: main.js
2020-10-05T04:14:18.791Z - normal: Simulator: ------------------------------------------------
2020-10-05T04:14:19.133Z - normal: Simulator: JS: Read json failed: Unexpected end of JSON input
2020-10-05T04:14:19.163Z - normal: Simulator: iShow!
2020-10-05T04:14:19.337Z - normal: Simulator: JS: load __quick_compile_project__: 28.35699999999997ms
2020-10-05T04:14:19.954Z - warn: Simulator: libpng warning: iCCP: known incorrect sRGB profile
2020-10-05T04:14:19.964Z - normal: Simulator: D/renderer (616): Device caps: maxVextexTextures: 16, maxFragUniforms: 1024, maxTextureUints: 16, maxVertexAttributes: 16, maxDrawBuffers: 8, maxColorAttatchments: 8
2020-10-05T04:14:19.965Z - normal: Simulator: JS: Cocos Creator v2.4.2
2020-10-05T04:14:19.991Z - warn: Simulator: libpng warning: iCCP: known incorrect sRGB profile
2020-10-05T04:14:19.992Z - warn: Simulator: libpng warning: iCCP: known incorrect sRGB profile
2020-10-05T04:14:19.994Z - warn: Simulator: libpng warning: iCCP: known incorrect sRGB profile
2020-10-05T04:14:21.047Z - normal: Simulator: I/AudioEngine-inl.mm (358): OpenAL was initialized successfully!
2020-10-05T04:14:21.048Z - normal: Simulator: V/AudioCache (227):   id=1 _pcmData alloc: 0x7fd281f91000
2020-10-05T04:14:21.048Z - normal: Simulator: V/AudioCache (264): pcm buffer was loaded successfully, total frames: 191110, total read frames: 191110, adjust frames: 0, remainingFrames: 0
2020-10-05T04:14:21.049Z - normal: Simulator: V/AudioCache (273):   id=1 generated alGenBuffers: 2425  for _pcmData: 0x7fd281f91000
2020-10-05T04:14:21.049Z - normal: Simulator: V/AudioCache (274):   id=1 _pcmData alBufferData: 0x7fd281f91000
2020-10-05T04:14:21.050Z - normal: Simulator: JS: [WARN]: cc.Action is deprecated, please use cc.TweenAction instead
2020-10-05T04:14:27.822Z - normal: Simulator: ScriptEngine::cleanup begin ...
2020-10-05T04:14:27.823Z - normal: Simulator: GC begin ..., (js->native map) size: 178, all objects: 468
2020-10-05T04:14:27.852Z - normal: Simulator: GC end ..., (js->native map) size: 178, all objects: 468
2020-10-05T04:14:27.856Z - normal: Simulator: GC begin ..., (js->native map) size: 178, all objects: 468
2020-10-05T04:14:27.868Z - normal: Simulator: GC end ..., (js->native map) size: 178, all objects: 468
2020-10-05T04:14:27.873Z - normal: Simulator: GC begin ..., (js->native map) size: 0, all objects: -1
2020-10-05T04:14:27.874Z - normal: Simulator: Function object is released!
2020-10-05T04:14:27.877Z - normal: Simulator: GC end ..., (js->native map) size: 0, all objects: -1
2020-10-05T04:14:27.877Z - normal: Simulator: ScriptEngine::cleanup end ...
2020-10-05T04:14:28.086Z - normal: Simulator: V/AudioCache (136): ~AudioCache(id=1), delete buffer: 2425
2020-10-05T04:14:38.826Z - normal: Start building with options : {
  "actualPlatform": "wechatgame",
  "android": {
    "REMOTE_SERVER_ROOT": "",
    "packageName": "org.cocos2d.demo"
  },
  "android-instant": {
    "REMOTE_SERVER_ROOT": "",
    "host": "",
    "packageName": "org.cocos2d.demo",
    "pathPattern": "",
    "recordPath": "",
    "scheme": "https",
    "skipRecord": false
  },
  "apiLevel": "",
  "appABIs": [],
  "appBundle": false,
  "buildPath": "/Users/lijinyou/Desktop/github/Tankwar/build",
  "buildScriptsOnly": false,
  "debug": false,
  "dest": "/Users/lijinyou/Desktop/github/Tankwar/build/wechatgame",
  "embedWebDebugger": false,
  "encryptJs": true,
  "excludeScenes": [],
  "excludedModules": [
    "Geom Utils",
    "3D",
    "3D Primitive",
    "3D Physics/cannon.js",
    "3D Physics/Builtin",
    "3D Particle",
    "SafeArea"
  ],
  "fb-instant-games": {},
  "includeAnySDK": false,
  "includeSdk": [
    "anysdk"
  ],
  "inlineSpriteFrames": true,
  "inlineSpriteFrames_native": true,
  "ios": {
    "REMOTE_SERVER_ROOT": "",
    "packageName": "org.cocos2d.demo"
  },
  "mac": {
    "REMOTE_SERVER_ROOT": "",
    "height": 720,
    "packageName": "org.cocos2d.demo",
    "width": 1280
  },
  "mainCompressionType": "default",
  "mainIsRemote": false,
  "md5Cache": true,
  "optimizeHotUpdate": false,
  "orientation": {
    "landscapeLeft": true,
    "landscapeRight": true,
    "portrait": false,
    "upsideDown": false
  },
  "packageName": "org.cocos2d.TankWar",
  "platform": "mini-game",
  "previewHeight": "720",
  "previewWidth": "1280",
  "scenes": [
    "1a638409-0db1-4127-bac7-947b76afed54",
    "cdb752f3-0c4b-4d3b-aad0-62c8f391a2c3",
    "50e60d4e-c343-4060-a4d8-8cd47d302c5c",
    "66856a8e-aaff-48b0-9c4d-359516ca8625"
  ],
  "separateEngineMode": false,
  "sourceMaps": false,
  "startScene": "1a638409-0db1-4127-bac7-947b76afed54",
  "template": "link",
  "title": "TankWar",
  "useDebugKeystore": true,
  "vsVersion": "auto",
  "webOrientation": "auto",
  "win32": {
    "REMOTE_SERVER_ROOT": "",
    "height": 720,
    "width": 1280
  },
  "xxteaKey": "fe66aa72-7e8d-41",
  "zipCompressJs": true,
  "project": "/Users/lijinyou/Desktop/github/Tankwar",
  "projectName": "TankWar",
  "debugBuildWorker": false
}
2020-10-05T04:14:38.829Z - normal: Building /Users/lijinyou/Desktop/github/Tankwar
2020-10-05T04:14:38.829Z - normal: Destination /Users/lijinyou/Desktop/github/Tankwar/build/wechatgame
2020-10-05T04:14:38.942Z - normal: Delete /Users/lijinyou/Desktop/github/Tankwar/build/wechatgame/**/*,!/Users/lijinyou/Desktop/github/Tankwar/build/wechatgame/game.json,!/Users/lijinyou/Desktop/github/Tankwar/build/wechatgame/project.config.json
2020-10-05T04:14:41.671Z - normal: Start building assets
2020-10-05T04:14:41.672Z - normal: Start spawn build-worker
2020-10-05T04:14:42.489Z - normal: Finish spawn build-worker
2020-10-05T04:14:42.489Z - normal: Start init build-worker
2020-10-05T04:14:44.993Z - normal: Finish init build-worker
2020-10-05T04:14:44.993Z - normal: Start build-assets in worker
2020-10-05T04:14:46.180Z - normal: Finish build-assets in worker
2020-10-05T04:14:46.212Z - normal: Finish building assets
2020-10-05T04:14:46.267Z - normal: Start building plugin scripts
2020-10-05T04:14:52.681Z - normal: Built wechatgame successfully
2020-10-05T04:58:05.969Z - normal: Start building with options : {
  "actualPlatform": "wechatgame",
  "android": {
    "REMOTE_SERVER_ROOT": "",
    "packageName": "org.cocos2d.demo"
  },
  "android-instant": {
    "REMOTE_SERVER_ROOT": "",
    "host": "",
    "packageName": "org.cocos2d.demo",
    "pathPattern": "",
    "recordPath": "",
    "scheme": "https",
    "skipRecord": false
  },
  "apiLevel": "",
  "appABIs": [],
  "appBundle": false,
  "buildPath": "/Users/lijinyou/Desktop/github/Tankwar/build",
  "buildScriptsOnly": false,
  "debug": false,
  "dest": "/Users/lijinyou/Desktop/github/Tankwar/build/wechatgame",
  "embedWebDebugger": false,
  "encryptJs": true,
  "excludeScenes": [],
  "excludedModules": [
    "Geom Utils",
    "3D",
    "3D Primitive",
    "3D Physics/cannon.js",
    "3D Physics/Builtin",
    "3D Particle",
    "SafeArea"
  ],
  "fb-instant-games": {},
  "includeAnySDK": false,
  "includeSdk": [
    "anysdk"
  ],
  "inlineSpriteFrames": true,
  "inlineSpriteFrames_native": true,
  "ios": {
    "REMOTE_SERVER_ROOT": "",
    "packageName": "org.cocos2d.demo"
  },
  "mac": {
    "REMOTE_SERVER_ROOT": "",
    "height": 720,
    "packageName": "org.cocos2d.demo",
    "width": 1280
  },
  "mainCompressionType": "default",
  "mainIsRemote": false,
  "md5Cache": true,
  "optimizeHotUpdate": false,
  "orientation": {
    "landscapeLeft": true,
    "landscapeRight": true,
    "portrait": false,
    "upsideDown": false
  },
  "packageName": "org.cocos2d.TankWar",
  "platform": "mini-game",
  "previewHeight": "720",
  "previewWidth": "1280",
  "scenes": [
    "1a638409-0db1-4127-bac7-947b76afed54",
    "cdb752f3-0c4b-4d3b-aad0-62c8f391a2c3",
    "50e60d4e-c343-4060-a4d8-8cd47d302c5c",
    "66856a8e-aaff-48b0-9c4d-359516ca8625"
  ],
  "separateEngineMode": false,
  "sourceMaps": false,
  "startScene": "1a638409-0db1-4127-bac7-947b76afed54",
  "template": "link",
  "title": "TankWar",
  "useDebugKeystore": true,
  "vsVersion": "auto",
  "webOrientation": "auto",
  "win32": {
    "REMOTE_SERVER_ROOT": "",
    "height": 720,
    "width": 1280
  },
  "xxteaKey": "fe66aa72-7e8d-41",
  "zipCompressJs": true,
  "project": "/Users/lijinyou/Desktop/github/Tankwar",
  "projectName": "TankWar",
  "debugBuildWorker": false
}
2020-10-05T04:58:05.970Z - normal: Building /Users/lijinyou/Desktop/github/Tankwar
2020-10-05T04:58:05.970Z - normal: Destination /Users/lijinyou/Desktop/github/Tankwar/build/wechatgame
2020-10-05T04:58:05.972Z - normal: Delete /Users/lijinyou/Desktop/github/Tankwar/build/wechatgame/**/*,!/Users/lijinyou/Desktop/github/Tankwar/build/wechatgame/game.json,!/Users/lijinyou/Desktop/github/Tankwar/build/wechatgame/project.config.json
2020-10-05T04:58:08.628Z - normal: Start building assets
2020-10-05T04:58:08.628Z - normal: Start spawn build-worker
2020-10-05T04:58:09.403Z - normal: Finish spawn build-worker
2020-10-05T04:58:09.403Z - normal: Start init build-worker
2020-10-05T04:58:11.981Z - normal: Finish init build-worker
2020-10-05T04:58:11.981Z - normal: Start build-assets in worker
2020-10-05T04:58:13.248Z - normal: Finish build-assets in worker
2020-10-05T04:58:13.281Z - normal: Finish building assets
2020-10-05T04:58:13.329Z - normal: Start building plugin scripts
2020-10-05T04:58:18.868Z - normal: Built wechatgame successfully
2020-10-05T05:02:31.931Z - normal: Simulator: WORKAREA WIDTH 1280.00, HEIGHT 710.00
2020-10-05T05:02:31.931Z - normal: Simulator: FRAME SCALE = 0.50
2020-10-05T05:02:32.019Z - normal: Simulator: GLFWError #65544 Happen, Cocoa: Failed to retrieve display name
2020-10-05T05:02:32.020Z - normal: Simulator: 
2020-10-05T05:02:32.020Z - normal: Simulator: {
2020-10-05T05:02:32.020Z - normal: Simulator: 	gl.supports_float_texture: true
2020-10-05T05:02:32.021Z - normal: Simulator: 	gl.supports_ATITC: false
2020-10-05T05:02:32.021Z - normal: Simulator: 	gl.supports_discard_framebuffer: false
2020-10-05T05:02:32.021Z - normal: Simulator: 	gl.supports_NPOT: true
2020-10-05T05:02:32.022Z - normal: Simulator: 	gl.supports_ETC2: false
2020-10-05T05:02:32.023Z - normal: Simulator: 	build_type: DEBUG
2020-10-05T05:02:32.023Z - normal: Simulator: 	gl.vendor: Intel Inc.
2020-10-05T05:02:32.023Z - normal: Simulator: 	gl.renderer: Intel HD Graphics 4000 OpenGL Engine
2020-10-05T05:02:32.024Z - normal: Simulator: 	gl.supports_PVRTC: false
2020-10-05T05:02:32.024Z - normal: Simulator: 	gl.supports_ETC1: false
2020-10-05T05:02:32.025Z - normal: Simulator: 	gl.supports_BGRA8888: false
2020-10-05T05:02:32.025Z - normal: Simulator: 	gl.max_texture_size: 16384
2020-10-05T05:02:32.026Z - normal: Simulator: 	gl.max_texture_units: 16
2020-10-05T05:02:32.026Z - normal: Simulator: 	gl.supports_OES_packed_depth_stencil: false
2020-10-05T05:02:32.026Z - normal: Simulator: 	compiled_with_gl_state_cache: true
2020-10-05T05:02:32.027Z - normal: Simulator: 	gl.supports_OES_map_buffer: false
2020-10-05T05:02:32.027Z - normal: Simulator: 	gl.supports_vertex_array_object: true
2020-10-05T05:02:32.028Z - normal: Simulator: 	gl.supports_S3TC: true
2020-10-05T05:02:32.028Z - normal: Simulator: 	gl.version: 2.1 INTEL-14.7.8
2020-10-05T05:02:32.101Z - normal: Simulator: 	compiled_with_profiler: false
2020-10-05T05:02:32.101Z - normal: Simulator: 	gl.supports_OES_depth24: false
2020-10-05T05:02:32.101Z - normal: Simulator: }
2020-10-05T05:02:32.188Z - normal: Simulator: Project Config:
2020-10-05T05:02:32.188Z - normal: Simulator:     project dir: /Applications/CocosCreator/Creator/2.4.2/CocosCreator.app/Contents/Resources/cocos2d-x/simulator/mac/Simulator.app/Contents/Resources/
2020-10-05T05:02:32.189Z - normal: Simulator:     writable path: $(PROJDIR)/
2020-10-05T05:02:32.189Z - normal: Simulator:     script file: $(PROJDIR)/main.js
2020-10-05T05:02:32.189Z - normal: Simulator:     frame size: 1920 x 1080
2020-10-05T05:02:32.190Z - normal: Simulator:     frame scale: 0.50
2020-10-05T05:02:32.190Z - normal: Simulator:     show console: NO
2020-10-05T05:02:32.191Z - normal: Simulator:     write debug log: NO ()
2020-10-05T05:02:32.191Z - normal: Simulator:     listen: 
2020-10-05T05:02:32.191Z - normal: Simulator:     debugger: none
2020-10-05T05:02:32.192Z - normal: Simulator:     add searching path:
2020-10-05T05:02:32.219Z - normal: Simulator: 
2020-10-05T05:02:32.220Z - normal: Simulator: 
2020-10-05T05:02:32.220Z - normal: Simulator: 
2020-10-05T05:02:32.220Z - normal: Simulator: resetDesignResolution request
2020-10-05T05:02:32.221Z - normal: Simulator: ------------------------------------------------
2020-10-05T05:02:32.221Z - normal: Simulator: LOAD Js FILE: jsb-adapter/jsb-builtin.js
2020-10-05T05:02:32.221Z - normal: Simulator: ------------------------------------------------
2020-10-05T05:02:32.222Z - normal: Simulator: Initializing V8, version: 8.0.426.16
2020-10-05T05:02:32.222Z - normal: Simulator: libuv version: 1.23.1-dev
2020-10-05T05:02:32.223Z - normal: Simulator: Debugger listening..., visit [ devtools://devtools/bundled/js_app.html?v8only=true&ws=0.0.0.0:5086/00010002-0003-4004-8005-000600070008 ] in chrome browser to debug!
2020-10-05T05:02:32.226Z - normal: Simulator: For help see https://nodejs.org/en/docs/inspector
2020-10-05T05:02:32.236Z - normal: Simulator: JS: Enable batch GL commands optimization!
2020-10-05T05:02:32.237Z - normal: Simulator: resetDesignResolution request
2020-10-05T05:02:32.237Z - normal: Simulator: ------------------------------------------------
2020-10-05T05:02:32.237Z - normal: Simulator: LOAD Js FILE: main.js
2020-10-05T05:02:32.238Z - normal: Simulator: ------------------------------------------------
2020-10-05T05:02:32.542Z - normal: Simulator: JS: Read json failed: Unexpected end of JSON input
2020-10-05T05:02:32.551Z - normal: Simulator: iShow!
2020-10-05T05:02:32.737Z - normal: Simulator: JS: load __quick_compile_project__: 26.259000000000015ms
2020-10-05T05:02:33.317Z - warn: Simulator: libpng warning: iCCP: known incorrect sRGB profile
2020-10-05T05:02:33.331Z - normal: Simulator: D/renderer (616): Device caps: maxVextexTextures: 16, maxFragUniforms: 1024, maxTextureUints: 16, maxVertexAttributes: 16, maxDrawBuffers: 8, maxColorAttatchments: 8
2020-10-05T05:02:33.332Z - normal: Simulator: JS: Cocos Creator v2.4.2
2020-10-05T05:02:33.357Z - warn: Simulator: libpng warning: iCCP: known incorrect sRGB profile
2020-10-05T05:02:33.360Z - warn: Simulator: libpng warning: iCCP: known incorrect sRGB profile
2020-10-05T05:02:33.362Z - warn: Simulator: libpng warning: iCCP: known incorrect sRGB profile
2020-10-05T05:02:34.416Z - normal: Simulator: I/AudioEngine-inl.mm (358): OpenAL was initialized successfully!
2020-10-05T05:02:34.417Z - normal: Simulator: V/AudioCache (227):   id=1 _pcmData alloc: 0x7f861ff91000
2020-10-05T05:02:34.417Z - normal: Simulator: V/AudioCache (264): pcm buffer was loaded successfully, total frames: 191110, total read frames: 191110, adjust frames: 0, remainingFrames: 0
2020-10-05T05:02:34.418Z - normal: Simulator: V/AudioCache (273):   id=1 generated alGenBuffers: 2425  for _pcmData: 0x7f861ff91000
2020-10-05T05:02:34.418Z - normal: Simulator: V/AudioCache (274):   id=1 _pcmData alBufferData: 0x7f861ff91000
2020-10-05T05:02:34.419Z - normal: Simulator: JS: [WARN]: cc.Action is deprecated, please use cc.TweenAction instead
2020-10-05T05:03:17.803Z - normal: Simulator: V/AudioCache (227):   id=2 _pcmData alloc: 0x7f861cb75e00
2020-10-05T05:03:17.804Z - normal: Simulator: V/AudioCache (264): pcm buffer was loaded successfully, total frames: 5928, total read frames: 5928, adjust frames: 0, remainingFrames: 0
2020-10-05T05:03:17.806Z - normal: Simulator: V/AudioCache (273):   id=2 generated alGenBuffers: 2427  for _pcmData: 0x7f861cb75e00
2020-10-05T05:03:17.808Z - normal: Simulator: V/AudioCache (274):   id=2 _pcmData alBufferData: 0x7f861cb75e00
2020-10-05T05:03:17.809Z - normal: Simulator: ScriptEngine::cleanup begin ...
2020-10-05T05:03:17.811Z - normal: Simulator: GC begin ..., (js->native map) size: 228, all objects: 597
2020-10-05T05:03:17.828Z - normal: Simulator: GC end ..., (js->native map) size: 208, all objects: 572
2020-10-05T05:03:17.829Z - normal: Simulator: GC begin ..., (js->native map) size: 208, all objects: 572
2020-10-05T05:03:17.845Z - normal: Simulator: GC end ..., (js->native map) size: 208, all objects: 572
2020-10-05T05:03:17.845Z - normal: Simulator: GC begin ..., (js->native map) size: 0, all objects: -1
2020-10-05T05:03:17.846Z - normal: Simulator: Function object is released!
2020-10-05T05:03:17.849Z - normal: Simulator: GC end ..., (js->native map) size: 0, all objects: -1
2020-10-05T05:03:17.855Z - normal: Simulator: ScriptEngine::cleanup end ...
2020-10-05T05:03:17.978Z - normal: Simulator: V/AudioCache (136): ~AudioCache(id=2), delete buffer: 2427
2020-10-05T05:03:18.058Z - normal: Simulator: V/AudioCache (136): ~AudioCache(id=1), delete buffer: 2425
2020-10-05T05:03:40.161Z - normal: Simulator: WORKAREA WIDTH 1280.00, HEIGHT 710.00
2020-10-05T05:03:40.161Z - normal: Simulator: FRAME SCALE = 0.50
2020-10-05T05:03:40.319Z - normal: Simulator: GLFWError #65544 Happen, Cocoa: Failed to retrieve display name
2020-10-05T05:03:40.319Z - normal: Simulator: 
2020-10-05T05:03:40.319Z - normal: Simulator: {
2020-10-05T05:03:40.320Z - normal: Simulator: 	gl.supports_float_texture: true
2020-10-05T05:03:40.320Z - normal: Simulator: 	gl.supports_ATITC: false
2020-10-05T05:03:40.320Z - normal: Simulator: 	gl.supports_discard_framebuffer: false
2020-10-05T05:03:40.321Z - normal: Simulator: 	gl.supports_NPOT: true
2020-10-05T05:03:40.321Z - normal: Simulator: 	gl.supports_ETC2: false
2020-10-05T05:03:40.321Z - normal: Simulator: 	build_type: DEBUG
2020-10-05T05:03:40.321Z - normal: Simulator: 	gl.vendor: Intel Inc.
2020-10-05T05:03:40.322Z - normal: Simulator: 	gl.renderer: Intel HD Graphics 4000 OpenGL Engine
2020-10-05T05:03:40.322Z - normal: Simulator: 	gl.supports_PVRTC: false
2020-10-05T05:03:40.322Z - normal: Simulator: 	gl.supports_ETC1: false
2020-10-05T05:03:40.323Z - normal: Simulator: 	gl.supports_BGRA8888: false
2020-10-05T05:03:40.323Z - normal: Simulator: 	gl.max_texture_size: 16384
2020-10-05T05:03:40.323Z - normal: Simulator: 	gl.max_texture_units: 16
2020-10-05T05:03:40.323Z - normal: Simulator: 	gl.supports_OES_packed_depth_stencil: false
2020-10-05T05:03:40.324Z - normal: Simulator: 	compiled_with_gl_state_cache: true
2020-10-05T05:03:40.324Z - normal: Simulator: 	gl.supports_OES_map_buffer: false
2020-10-05T05:03:40.324Z - normal: Simulator: 	gl.supports_vertex_array_object: true
2020-10-05T05:03:40.325Z - normal: Simulator: 	gl.supports_S3TC: true
2020-10-05T05:03:40.325Z - normal: Simulator: 	gl.version: 2.1 INTEL-14.7.8
2020-10-05T05:03:40.326Z - normal: Simulator: 	compiled_with_profiler: false
2020-10-05T05:03:40.326Z - normal: Simulator: 	gl.supports_OES_depth24: false
2020-10-05T05:03:40.327Z - normal: Simulator: }
2020-10-05T05:03:40.360Z - normal: Simulator: Project Config:
2020-10-05T05:03:40.361Z - normal: Simulator:     project dir: /Applications/CocosCreator/Creator/2.4.2/CocosCreator.app/Contents/Resources/cocos2d-x/simulator/mac/Simulator.app/Contents/Resources/
2020-10-05T05:03:40.366Z - normal: Simulator:     writable path: $(PROJDIR)/
2020-10-05T05:03:40.366Z - normal: Simulator:     script file: $(PROJDIR)/main.js
2020-10-05T05:03:40.368Z - normal: Simulator:     frame size: 1920 x 1080
2020-10-05T05:03:40.369Z - normal: Simulator:     frame scale: 0.50
2020-10-05T05:03:40.370Z - normal: Simulator:     show console: NO
2020-10-05T05:03:40.371Z - normal: Simulator:     write debug log: NO ()
2020-10-05T05:03:40.371Z - normal: Simulator:     listen: 
2020-10-05T05:03:40.372Z - normal: Simulator:     debugger: none
2020-10-05T05:03:40.375Z - normal: Simulator:     add searching path:
2020-10-05T05:03:40.376Z - normal: Simulator: 
2020-10-05T05:03:40.386Z - normal: Simulator: 
2020-10-05T05:03:40.387Z - normal: Simulator: 
2020-10-05T05:03:40.387Z - normal: Simulator: resetDesignResolution request
2020-10-05T05:03:40.388Z - normal: Simulator: ------------------------------------------------
2020-10-05T05:03:40.388Z - normal: Simulator: LOAD Js FILE: jsb-adapter/jsb-builtin.js
2020-10-05T05:03:40.388Z - normal: Simulator: ------------------------------------------------
2020-10-05T05:03:40.389Z - normal: Simulator: Initializing V8, version: 8.0.426.16
2020-10-05T05:03:40.389Z - normal: Simulator: libuv version: 1.23.1-dev
2020-10-05T05:03:40.389Z - normal: Simulator: Debugger listening..., visit [ devtools://devtools/bundled/js_app.html?v8only=true&ws=0.0.0.0:5086/00010002-0003-4004-8005-000600070008 ] in chrome browser to debug!
2020-10-05T05:03:40.390Z - normal: Simulator: For help see https://nodejs.org/en/docs/inspector
2020-10-05T05:03:40.390Z - normal: Simulator: JS: Enable batch GL commands optimization!
2020-10-05T05:03:40.390Z - normal: Simulator: resetDesignResolution request
2020-10-05T05:03:40.391Z - normal: Simulator: ------------------------------------------------
2020-10-05T05:03:40.391Z - normal: Simulator: LOAD Js FILE: main.js
2020-10-05T05:03:40.391Z - normal: Simulator: ------------------------------------------------
2020-10-05T05:03:40.701Z - normal: Simulator: JS: Read json failed: Unexpected end of JSON input
2020-10-05T05:03:40.717Z - normal: Simulator: iShow!
2020-10-05T05:03:40.901Z - normal: Simulator: JS: load __quick_compile_project__: 26.046999999999912ms
2020-10-05T05:03:41.496Z - warn: Simulator: libpng warning: iCCP: known incorrect sRGB profile
2020-10-05T05:03:41.513Z - normal: Simulator: D/renderer (616): Device caps: maxVextexTextures: 16, maxFragUniforms: 1024, maxTextureUints: 16, maxVertexAttributes: 16, maxDrawBuffers: 8, maxColorAttatchments: 8
2020-10-05T05:03:41.514Z - normal: Simulator: JS: Cocos Creator v2.4.2
2020-10-05T05:03:41.536Z - warn: Simulator: libpng warning: iCCP: known incorrect sRGB profile
2020-10-05T05:03:41.539Z - warn: Simulator: libpng warning: iCCP: known incorrect sRGB profile
2020-10-05T05:03:41.547Z - warn: Simulator: libpng warning: iCCP: known incorrect sRGB profile
2020-10-05T05:03:42.596Z - normal: Simulator: I/AudioEngine-inl.mm (358): OpenAL was initialized successfully!
2020-10-05T05:03:42.596Z - normal: Simulator: V/AudioCache (227):   id=1 _pcmData alloc: 0x7ff2b75fe000
2020-10-05T05:03:42.597Z - normal: Simulator: V/AudioCache (264): pcm buffer was loaded successfully, total frames: 191110, total read frames: 191110, adjust frames: 0, remainingFrames: 0
2020-10-05T05:03:42.597Z - normal: Simulator: V/AudioCache (273):   id=1 generated alGenBuffers: 2425  for _pcmData: 0x7ff2b75fe000
2020-10-05T05:03:42.598Z - normal: Simulator: V/AudioCache (274):   id=1 _pcmData alBufferData: 0x7ff2b75fe000
2020-10-05T05:03:42.598Z - normal: Simulator: JS: [WARN]: cc.Action is deprecated, please use cc.TweenAction instead
2020-10-05T05:07:45.872Z - normal: Simulator: V/AudioCache (227):   id=2 _pcmData alloc: 0x7ff2b424e000
2020-10-05T05:07:45.873Z - normal: Simulator: V/AudioCache (264): pcm buffer was loaded successfully, total frames: 5928, total read frames: 5928, adjust frames: 0, remainingFrames: 0
2020-10-05T05:07:45.873Z - normal: Simulator: V/AudioCache (273):   id=2 generated alGenBuffers: 2427  for _pcmData: 0x7ff2b424e000
2020-10-05T05:07:45.875Z - normal: Simulator: V/AudioCache (274):   id=2 _pcmData alBufferData: 0x7ff2b424e000
2020-10-05T05:07:45.876Z - normal: Simulator: JS: cc.loader is deprecated, use cc.assetManager instead please. See https://docs.cocos.com/creator/manual/zh/release-notes/asset-manager-upgrade-guide.html
2020-10-05T05:07:51.592Z - normal: Simulator: JS: LoadScene StartScene: 26.035000000003492ms
2020-10-05T05:07:54.349Z - normal: Simulator: V/AudioCache (136): ~AudioCache(id=1), delete buffer: 2425
2020-10-05T05:07:54.351Z - normal: Simulator: ScriptEngine::cleanup begin ...
2020-10-05T05:07:54.352Z - normal: Simulator: GC begin ..., (js->native map) size: 292, all objects: 758
2020-10-05T05:07:54.376Z - normal: Simulator: GC end ..., (js->native map) size: 166, all objects: 549
2020-10-05T05:07:54.379Z - normal: Simulator: GC begin ..., (js->native map) size: 166, all objects: 549
2020-10-05T05:07:54.404Z - normal: Simulator: GC end ..., (js->native map) size: 166, all objects: 549
2020-10-05T05:07:54.405Z - normal: Simulator: GC begin ..., (js->native map) size: 0, all objects: -1
2020-10-05T05:07:54.405Z - normal: Simulator: Function object is released!
2020-10-05T05:07:54.406Z - normal: Simulator: GC end ..., (js->native map) size: 0, all objects: -1
2020-10-05T05:07:54.409Z - normal: Simulator: ScriptEngine::cleanup end ...
2020-10-05T05:07:54.536Z - normal: Simulator: V/AudioCache (136): ~AudioCache(id=2), delete buffer: 2427
2020-10-05T05:08:09.133Z - normal: Simulator: WORKAREA WIDTH 1280.00, HEIGHT 710.00
2020-10-05T05:08:09.133Z - normal: Simulator: FRAME SCALE = 0.50
2020-10-05T05:08:09.293Z - normal: Simulator: GLFWError #65544 Happen, Cocoa: Failed to retrieve display name
2020-10-05T05:08:09.293Z - normal: Simulator: 
2020-10-05T05:08:09.294Z - normal: Simulator: {
2020-10-05T05:08:09.294Z - normal: Simulator: 	gl.supports_float_texture: true
2020-10-05T05:08:09.294Z - normal: Simulator: 	gl.supports_ATITC: false
2020-10-05T05:08:09.294Z - normal: Simulator: 	gl.supports_discard_framebuffer: false
2020-10-05T05:08:09.295Z - normal: Simulator: 	gl.supports_NPOT: true
2020-10-05T05:08:09.295Z - normal: Simulator: 	gl.supports_ETC2: false
2020-10-05T05:08:09.296Z - normal: Simulator: 	build_type: DEBUG
2020-10-05T05:08:09.296Z - normal: Simulator: 	gl.vendor: Intel Inc.
2020-10-05T05:08:09.296Z - normal: Simulator: 	gl.renderer: Intel HD Graphics 4000 OpenGL Engine
2020-10-05T05:08:09.297Z - normal: Simulator: 	gl.supports_PVRTC: false
2020-10-05T05:08:09.297Z - normal: Simulator: 	gl.supports_ETC1: false
2020-10-05T05:08:09.297Z - normal: Simulator: 	gl.supports_BGRA8888: false
2020-10-05T05:08:09.297Z - normal: Simulator: 	gl.max_texture_size: 16384
2020-10-05T05:08:09.298Z - normal: Simulator: 	gl.max_texture_units: 16
2020-10-05T05:08:09.298Z - normal: Simulator: 	gl.supports_OES_packed_depth_stencil: false
2020-10-05T05:08:09.298Z - normal: Simulator: 	compiled_with_gl_state_cache: true
2020-10-05T05:08:09.299Z - normal: Simulator: 	gl.supports_OES_map_buffer: false
2020-10-05T05:08:09.299Z - normal: Simulator: 	gl.supports_vertex_array_object: true
2020-10-05T05:08:09.299Z - normal: Simulator: 	gl.supports_S3TC: true
2020-10-05T05:08:09.299Z - normal: Simulator: 	gl.version: 2.1 INTEL-14.7.8
2020-10-05T05:08:09.300Z - normal: Simulator: 	compiled_with_profiler: false
2020-10-05T05:08:09.300Z - normal: Simulator: 	gl.supports_OES_depth24: false
2020-10-05T05:08:09.300Z - normal: Simulator: }
2020-10-05T05:08:09.342Z - normal: Simulator: Project Config:
2020-10-05T05:08:09.343Z - normal: Simulator:     project dir: /Applications/CocosCreator/Creator/2.4.2/CocosCreator.app/Contents/Resources/cocos2d-x/simulator/mac/Simulator.app/Contents/Resources/
2020-10-05T05:08:09.343Z - normal: Simulator:     writable path: $(PROJDIR)/
2020-10-05T05:08:09.344Z - normal: Simulator:     script file: $(PROJDIR)/main.js
2020-10-05T05:08:09.344Z - normal: Simulator:     frame size: 1920 x 1080
2020-10-05T05:08:09.344Z - normal: Simulator:     frame scale: 0.50
2020-10-05T05:08:09.344Z - normal: Simulator:     show console: NO
2020-10-05T05:08:09.345Z - normal: Simulator:     write debug log: NO ()
2020-10-05T05:08:09.349Z - normal: Simulator:     listen: 
2020-10-05T05:08:09.349Z - normal: Simulator:     debugger: none
2020-10-05T05:08:09.349Z - normal: Simulator:     add searching path:
2020-10-05T05:08:09.350Z - normal: Simulator: 
2020-10-05T05:08:09.350Z - normal: Simulator: 
2020-10-05T05:08:09.350Z - normal: Simulator: 
2020-10-05T05:08:09.351Z - normal: Simulator: resetDesignResolution request
2020-10-05T05:08:09.351Z - normal: Simulator: ------------------------------------------------
2020-10-05T05:08:09.351Z - normal: Simulator: LOAD Js FILE: jsb-adapter/jsb-builtin.js
2020-10-05T05:08:09.351Z - normal: Simulator: ------------------------------------------------
2020-10-05T05:08:09.352Z - normal: Simulator: Initializing V8, version: 8.0.426.16
2020-10-05T05:08:09.352Z - normal: Simulator: libuv version: 1.23.1-dev
2020-10-05T05:08:09.352Z - normal: Simulator: Debugger listening..., visit [ devtools://devtools/bundled/js_app.html?v8only=true&ws=0.0.0.0:5086/00010002-0003-4004-8005-000600070008 ] in chrome browser to debug!
2020-10-05T05:08:09.352Z - normal: Simulator: For help see https://nodejs.org/en/docs/inspector
2020-10-05T05:08:09.362Z - normal: Simulator: JS: Enable batch GL commands optimization!
2020-10-05T05:08:09.362Z - normal: Simulator: resetDesignResolution request
2020-10-05T05:08:09.364Z - normal: Simulator: ------------------------------------------------
2020-10-05T05:08:09.365Z - normal: Simulator: LOAD Js FILE: main.js
2020-10-05T05:08:09.365Z - normal: Simulator: ------------------------------------------------
2020-10-05T05:08:09.676Z - normal: Simulator: JS: Read json failed: Unexpected end of JSON input
2020-10-05T05:08:09.688Z - normal: Simulator: iShow!
2020-10-05T05:08:09.867Z - normal: Simulator: JS: load __quick_compile_project__: 24.591000000000008ms
2020-10-05T05:08:10.431Z - warn: Simulator: libpng warning: iCCP: known incorrect sRGB profile
2020-10-05T05:08:10.444Z - normal: Simulator: D/renderer (616): Device caps: maxVextexTextures: 16, maxFragUniforms: 1024, maxTextureUints: 16, maxVertexAttributes: 16, maxDrawBuffers: 8, maxColorAttatchments: 8
2020-10-05T05:08:10.446Z - normal: Simulator: JS: Cocos Creator v2.4.2
2020-10-05T05:08:10.467Z - warn: Simulator: libpng warning: iCCP: known incorrect sRGB profile
2020-10-05T05:08:10.472Z - warn: Simulator: libpng warning: iCCP: known incorrect sRGB profile
2020-10-05T05:08:10.481Z - warn: Simulator: libpng warning: iCCP: known incorrect sRGB profile
2020-10-05T05:08:11.518Z - normal: Simulator: I/AudioEngine-inl.mm (358): OpenAL was initialized successfully!
2020-10-05T05:08:11.519Z - normal: Simulator: V/AudioCache (227):   id=1 _pcmData alloc: 0x7f94bcefb000
2020-10-05T05:08:11.519Z - normal: Simulator: V/AudioCache (264): pcm buffer was loaded successfully, total frames: 191110, total read frames: 191110, adjust frames: 0, remainingFrames: 0
2020-10-05T05:08:11.520Z - normal: Simulator: V/AudioCache (273):   id=1 generated alGenBuffers: 2425  for _pcmData: 0x7f94bcefb000
2020-10-05T05:08:11.520Z - normal: Simulator: V/AudioCache (274):   id=1 _pcmData alBufferData: 0x7f94bcefb000
2020-10-05T05:08:11.520Z - normal: Simulator: JS: [WARN]: cc.Action is deprecated, please use cc.TweenAction instead
2020-10-05T05:08:12.710Z - normal: Simulator: ScriptEngine::cleanup begin ...
2020-10-05T05:08:12.714Z - normal: Simulator: GC begin ..., (js->native map) size: 178, all objects: 453
2020-10-05T05:08:12.734Z - normal: Simulator: GC end ..., (js->native map) size: 169, all objects: 444
2020-10-05T05:08:12.734Z - normal: Simulator: GC begin ..., (js->native map) size: 169, all objects: 444
2020-10-05T05:08:12.755Z - normal: Simulator: GC end ..., (js->native map) size: 169, all objects: 444
2020-10-05T05:08:12.756Z - normal: Simulator: GC begin ..., (js->native map) size: 0, all objects: -1
2020-10-05T05:08:12.756Z - normal: Simulator: Function object is released!
2020-10-05T05:08:12.757Z - normal: Simulator: GC end ..., (js->native map) size: 0, all objects: -1
2020-10-05T05:08:12.761Z - normal: Simulator: ScriptEngine::cleanup end ...
2020-10-05T05:08:12.958Z - normal: Simulator: V/AudioCache (136): ~AudioCache(id=1), delete buffer: 2425
2020-10-05T05:08:24.878Z - normal: Start building with options : {
  "actualPlatform": "wechatgame",
  "android": {
    "REMOTE_SERVER_ROOT": "",
    "packageName": "org.cocos2d.demo"
  },
  "android-instant": {
    "REMOTE_SERVER_ROOT": "",
    "host": "",
    "packageName": "org.cocos2d.demo",
    "pathPattern": "",
    "recordPath": "",
    "scheme": "https",
    "skipRecord": false
  },
  "apiLevel": "",
  "appABIs": [],
  "appBundle": false,
  "buildPath": "/Users/lijinyou/Desktop/github/Tankwar/build",
  "buildScriptsOnly": false,
  "debug": false,
  "dest": "/Users/lijinyou/Desktop/github/Tankwar/build/wechatgame",
  "embedWebDebugger": false,
  "encryptJs": true,
  "excludeScenes": [],
  "excludedModules": [
    "Geom Utils",
    "3D",
    "3D Primitive",
    "3D Physics/cannon.js",
    "3D Physics/Builtin",
    "3D Particle",
    "SafeArea"
  ],
  "fb-instant-games": {},
  "includeAnySDK": false,
  "includeSdk": [
    "anysdk"
  ],
  "inlineSpriteFrames": true,
  "inlineSpriteFrames_native": true,
  "ios": {
    "REMOTE_SERVER_ROOT": "",
    "packageName": "org.cocos2d.demo"
  },
  "mac": {
    "REMOTE_SERVER_ROOT": "",
    "height": 720,
    "packageName": "org.cocos2d.demo",
    "width": 1280
  },
  "mainCompressionType": "default",
  "mainIsRemote": false,
  "md5Cache": true,
  "optimizeHotUpdate": false,
  "orientation": {
    "landscapeLeft": true,
    "landscapeRight": true,
    "portrait": false,
    "upsideDown": false
  },
  "packageName": "org.cocos2d.TankWar",
  "platform": "mini-game",
  "previewHeight": "720",
  "previewWidth": "1280",
  "scenes": [
    "1a638409-0db1-4127-bac7-947b76afed54",
    "cdb752f3-0c4b-4d3b-aad0-62c8f391a2c3",
    "50e60d4e-c343-4060-a4d8-8cd47d302c5c",
    "66856a8e-aaff-48b0-9c4d-359516ca8625"
  ],
  "separateEngineMode": false,
  "sourceMaps": false,
  "startScene": "1a638409-0db1-4127-bac7-947b76afed54",
  "template": "link",
  "title": "TankWar",
  "useDebugKeystore": true,
  "vsVersion": "auto",
  "webOrientation": "auto",
  "win32": {
    "REMOTE_SERVER_ROOT": "",
    "height": 720,
    "width": 1280
  },
  "xxteaKey": "fe66aa72-7e8d-41",
  "zipCompressJs": true,
  "project": "/Users/lijinyou/Desktop/github/Tankwar",
  "projectName": "TankWar",
  "debugBuildWorker": false
}
2020-10-05T05:08:24.878Z - normal: Building /Users/lijinyou/Desktop/github/Tankwar
2020-10-05T05:08:24.879Z - normal: Destination /Users/lijinyou/Desktop/github/Tankwar/build/wechatgame
2020-10-05T05:08:24.880Z - normal: Delete /Users/lijinyou/Desktop/github/Tankwar/build/wechatgame/**/*,!/Users/lijinyou/Desktop/github/Tankwar/build/wechatgame/game.json,!/Users/lijinyou/Desktop/github/Tankwar/build/wechatgame/project.config.json
2020-10-05T05:08:27.995Z - normal: Start building assets
2020-10-05T05:08:27.995Z - normal: Start spawn build-worker
2020-10-05T05:08:28.920Z - normal: Finish spawn build-worker
2020-10-05T05:08:28.920Z - normal: Start init build-worker
2020-10-05T05:08:31.777Z - normal: Finish init build-worker
2020-10-05T05:08:31.778Z - normal: Start build-assets in worker
2020-10-05T05:08:33.317Z - normal: Finish build-assets in worker
2020-10-05T05:08:33.367Z - normal: Finish building assets
2020-10-05T05:08:33.404Z - normal: Start building plugin scripts
2020-10-05T05:08:39.005Z - normal: Built wechatgame successfully
2020-10-05T05:08:41.050Z - error: - initialize


    at Socket.<anonymous> (/Applications/CocosCreator/Creator/2.4.2/CocosCreator.app/Contents/Resources/app.asar/editor/builtin/wechatgame/utils/wechat-game.js:1:821)
    at Socket.emit (events.js:194:13)
    at Socket.EventEmitter.emit (domain.js:469:20)
    at addChunk (_stream_readable.js:296:12)
    at readableAddChunk (_stream_readable.js:277:11)
    at Socket.Readable.push (_stream_readable.js:232:10)
    at Pipe.onStreamRead (internal/stream_base_commons.js:165:17)
2020-10-05T05:08:45.711Z - error: ✔ IDE server started successfully, listening on http://127.0.0.1:19148

    at Socket.<anonymous> (/Applications/CocosCreator/Creator/2.4.2/CocosCreator.app/Contents/Resources/app.asar/editor/builtin/wechatgame/utils/wechat-game.js:1:821)
    at Socket.emit (events.js:194:13)
    at Socket.EventEmitter.emit (domain.js:469:20)
    at addChunk (_stream_readable.js:296:12)
    at readableAddChunk (_stream_readable.js:277:11)
    at Socket.Readable.push (_stream_readable.js:232:10)
    at Pipe.onStreamRead (internal/stream_base_commons.js:165:17)
2020-10-05T05:08:45.713Z - error: - open IDE


    at Socket.<anonymous> (/Applications/CocosCreator/Creator/2.4.2/CocosCreator.app/Contents/Resources/app.asar/editor/builtin/wechatgame/utils/wechat-game.js:1:821)
    at Socket.emit (events.js:194:13)
    at Socket.EventEmitter.emit (domain.js:469:20)
    at addChunk (_stream_readable.js:296:12)
    at readableAddChunk (_stream_readable.js:277:11)
    at Socket.Readable.push (_stream_readable.js:232:10)
    at Pipe.onStreamRead (internal/stream_base_commons.js:165:17)
2020-10-05T05:08:47.340Z - error: ✔ open IDE

    at Socket.<anonymous> (/Applications/CocosCreator/Creator/2.4.2/CocosCreator.app/Contents/Resources/app.asar/editor/builtin/wechatgame/utils/wechat-game.js:1:821)
    at Socket.emit (events.js:194:13)
    at Socket.EventEmitter.emit (domain.js:469:20)
    at addChunk (_stream_readable.js:296:12)
    at readableAddChunk (_stream_readable.js:277:11)
    at Socket.Readable.push (_stream_readable.js:232:10)
    at Pipe.onStreamRead (internal/stream_base_commons.js:165:17)
2020-10-05T05:18:58.080Z - info: shutdown preview server
